<?xml version="1.0" encoding="UTF-8"?>
<testng-results ignored="0" total="1" passed="1" failed="0" skipped="0">
  <reporter-output>
  </reporter-output>
  <suite started-at="2023-03-08T11:21:07 IST" name="Default suite" finished-at="2023-03-08T11:21:12 IST" duration-ms="4267">
    <groups>
    </groups>
    <test started-at="2023-03-08T11:21:07 IST" name="Default test" finished-at="2023-03-08T11:21:12 IST" duration-ms="4267">
      <class name="com.WellBeing.admin.TestClass">
        <test-method is-config="true" signature="Launch()[pri:0, instance:com.WellBeing.admin.TestClass@342c38f8]" started-at="2023-03-08T11:21:07 IST" name="Launch" finished-at="2023-03-08T11:21:11 IST" duration-ms="3441" status="PASS">
          <reporter-output>
          </reporter-output>
        </test-method> <!-- Launch -->
        <test-method is-config="true" signature="Login()[pri:0, instance:com.WellBeing.admin.TestClass@342c38f8]" started-at="2023-03-08T11:21:11 IST" name="Login" finished-at="2023-03-08T11:21:11 IST" duration-ms="491" status="PASS">
          <reporter-output>
          </reporter-output>
        </test-method> <!-- Login -->
        <test-method signature="test()[pri:0, instance:com.WellBeing.admin.TestClass@342c38f8]" started-at="2023-03-08T11:21:11 IST" name="test" finished-at="2023-03-08T11:21:11 IST" duration-ms="14" status="PASS">
          <reporter-output>
          </reporter-output>
        </test-method> <!-- test -->
        <test-method is-config="true" signature="Logout()[pri:0, instance:com.WellBeing.admin.TestClass@342c38f8]" started-at="2023-03-08T11:21:11 IST" name="Logout" finished-at="2023-03-08T11:21:12 IST" duration-ms="260" status="PASS">
          <reporter-output>
          </reporter-output>
        </test-method> <!-- Logout -->
      </class> <!-- com.WellBeing.admin.TestClass -->
    </test> <!-- Default test -->
  </suite> <!-- Default suite -->
</testng-results>
