<?xml version="1.0" encoding="UTF-8"?>
<testng-results total="1" passed="1" failed="0" skipped="0">
  <reporter-output>
  </reporter-output>
  <suite started-at="2023-03-06T06:52:56Z" name="Default suite" finished-at="2023-03-06T06:52:56Z" duration-ms="23">
    <groups>
    </groups>
    <test started-at="2023-03-06T06:52:56Z" name="Default test" finished-at="2023-03-06T06:52:56Z" duration-ms="23">
      <class name="Module.kio">
        <test-method signature="hello()[pri:0, instance:Module.kio@38ba6ce3]" started-at="2023-03-06T12:22:56Z" name="hello" finished-at="2023-03-06T12:22:56Z" duration-ms="10" status="PASS">
          <reporter-output>
          </reporter-output>
        </test-method> <!-- hello -->
      </class> <!-- Module.kio -->
    </test> <!-- Default test -->
  </suite> <!-- Default suite -->
</testng-results>
