<?xml version="1.0" encoding="UTF-8"?>
<testng-results ignored="0" total="1" passed="1" failed="0" skipped="0">
  <reporter-output>
  </reporter-output>
  <suite started-at="2023-03-08T14:41:55 IST" name="Default suite" finished-at="2023-03-08T14:41:56 IST" duration-ms="943">
    <groups>
    </groups>
    <test started-at="2023-03-08T14:41:55 IST" name="Default test" finished-at="2023-03-08T14:41:56 IST" duration-ms="943">
      <class name="com.WellBeing.admin.CreatePatientWithAdminTest1">
        <test-method signature="createPatientTest()[pri:0, instance:com.WellBeing.admin.CreatePatientWithAdminTest1@67c33749]" started-at="2023-03-08T14:41:55 IST" name="createPatientTest" finished-at="2023-03-08T14:41:56 IST" duration-ms="885" status="PASS">
          <reporter-output>
          </reporter-output>
        </test-method> <!-- createPatientTest -->
      </class> <!-- com.WellBeing.admin.CreatePatientWithAdminTest1 -->
    </test> <!-- Default test -->
  </suite> <!-- Default suite -->
</testng-results>
