<?xml version="1.0" encoding="UTF-8"?>
<testng-results total="1" passed="1" failed="0" skipped="0">
  <reporter-output>
  </reporter-output>
  <suite started-at="2023-03-06T07:36:39Z" name="Default suite" finished-at="2023-03-06T07:36:39Z" duration-ms="18">
    <groups>
    </groups>
    <test started-at="2023-03-06T07:36:39Z" name="Default test" finished-at="2023-03-06T07:36:39Z" duration-ms="18">
      <class name="Module.PropertyFetch">
        <test-method signature="pFetch()[pri:0, instance:Module.PropertyFetch@38ba6ce3]" started-at="2023-03-06T13:06:39Z" name="pFetch" finished-at="2023-03-06T13:06:39Z" duration-ms="8" status="PASS">
          <reporter-output>
          </reporter-output>
        </test-method> <!-- pFetch -->
      </class> <!-- Module.PropertyFetch -->
    </test> <!-- Default test -->
  </suite> <!-- Default suite -->
</testng-results>
