<?xml version="1.0" encoding="UTF-8"?>
<testng-results ignored="0" total="1" passed="0" failed="0" skipped="1">
  <reporter-output>
  </reporter-output>
<<<<<<< HEAD
  <suite started-at="2023-03-06T16:46:45 IST" name="Default suite" finished-at="2023-03-06T16:46:45 IST" duration-ms="142">
=======
  <suite started-at="2023-03-06T18:44:57 IST" name="Default suite" finished-at="2023-03-06T18:45:00 IST" duration-ms="2433">
>>>>>>> branch 'master' of https://github.com/PraveenShivu/WellBeing
    <groups>
    </groups>
<<<<<<< HEAD
    <test started-at="2023-03-06T16:46:45 IST" name="Default test" finished-at="2023-03-06T16:46:45 IST" duration-ms="142">
=======
    <test started-at="2023-03-06T18:44:57 IST" name="Default test" finished-at="2023-03-06T18:45:00 IST" duration-ms="2433">
>>>>>>> branch 'master' of https://github.com/PraveenShivu/WellBeing
      <class name="com.WellBeing.admin.EndToEndAdminTest1">
<<<<<<< HEAD
        <test-method is-config="true" signature="Launch()[pri:0, instance:com.WellBeing.admin.EndToEndAdminTest1@342c38f8]" started-at="2023-03-06T16:46:45 IST" name="Launch" finished-at="2023-03-06T16:46:45 IST" duration-ms="71" status="FAIL">
=======
        <test-method is-config="true" signature="Launch()[pri:0, instance:com.WellBeing.admin.EndToEndAdminTest1@342c38f8]" started-at="2023-03-06T18:44:57 IST" name="Launch" finished-at="2023-03-06T18:45:00 IST" duration-ms="2381" status="PASS">
          <reporter-output>
          </reporter-output>
        </test-method> <!-- Launch -->
        <test-method is-config="true" signature="Login()[pri:0, instance:com.WellBeing.admin.EndToEndAdminTest1@342c38f8]" started-at="2023-03-06T18:45:00 IST" name="Login" finished-at="2023-03-06T18:45:00 IST" duration-ms="1" status="FAIL">
>>>>>>> branch 'master' of https://github.com/PraveenShivu/WellBeing
          <exception class="java.lang.NullPointerException">
            <message>
              <![CDATA[Cannot invoke "org.openqa.selenium.SearchContext.findElement(org.openqa.selenium.By)" because "this.searchContext" is null]]>
            </message>
            <full-stacktrace>
              <![CDATA[java.lang.NullPointerException: Cannot invoke "org.openqa.selenium.SearchContext.findElement(org.openqa.selenium.By)" because "this.searchContext" is null
at org.openqa.selenium.support.pagefactory.DefaultElementLocator.findElement(DefaultElementLocator.java:69)
at org.openqa.selenium.support.pagefactory.internal.LocatingElementHandler.invoke(LocatingElementHandler.java:38)
at jdk.proxy2/jdk.proxy2.$Proxy13.click(Unknown Source)
at com.WellBeingObjectRepo.LoginPage.facilityClick(LoginPage.java:20)
at com.WellBeing.GenericUtility.BaseClass.Login(BaseClass.java:44)
at java.base/jdk.internal.reflect.NativeMethodAccessorImpl.invoke0(Native Method)
at java.base/jdk.internal.reflect.NativeMethodAccessorImpl.invoke(NativeMethodAccessorImpl.java:78)
at java.base/jdk.internal.reflect.DelegatingMethodAccessorImpl.invoke(DelegatingMethodAccessorImpl.java:43)
at java.base/java.lang.reflect.Method.invoke(Method.java:567)
at org.testng.internal.MethodInvocationHelper.invokeMethod(MethodInvocationHelper.java:133)
at org.testng.internal.MethodInvocationHelper.invokeMethodConsideringTimeout(MethodInvocationHelper.java:62)
at org.testng.internal.ConfigInvoker.invokeConfigurationMethod(ConfigInvoker.java:385)
at org.testng.internal.ConfigInvoker.invokeConfigurations(ConfigInvoker.java:321)
at org.testng.internal.TestInvoker.runConfigMethods(TestInvoker.java:700)
at org.testng.internal.TestInvoker.invokeMethod(TestInvoker.java:527)
at org.testng.internal.TestInvoker.invokeTestMethod(TestInvoker.java:173)
at org.testng.internal.MethodRunner.runInSequence(MethodRunner.java:46)
at org.testng.internal.TestInvoker$MethodInvocationAgent.invoke(TestInvoker.java:824)
at org.testng.internal.TestInvoker.invokeTestMethods(TestInvoker.java:146)
at org.testng.internal.TestMethodWorker.invokeTestMethods(TestMethodWorker.java:146)
at org.testng.internal.TestMethodWorker.run(TestMethodWorker.java:128)
at java.base/java.util.ArrayList.forEach(ArrayList.java:1511)
at org.testng.TestRunner.privateRun(TestRunner.java:794)
at org.testng.TestRunner.run(TestRunner.java:596)
at org.testng.SuiteRunner.runTest(SuiteRunner.java:377)
at org.testng.SuiteRunner.runSequentially(SuiteRunner.java:371)
at org.testng.SuiteRunner.privateRun(SuiteRunner.java:332)
at org.testng.SuiteRunner.run(SuiteRunner.java:276)
at org.testng.SuiteRunnerWorker.runSuite(SuiteRunnerWorker.java:53)
at org.testng.SuiteRunnerWorker.run(SuiteRunnerWorker.java:96)
at org.testng.TestNG.runSuitesSequentially(TestNG.java:1212)
at org.testng.TestNG.runSuitesLocally(TestNG.java:1134)
at org.testng.TestNG.runSuites(TestNG.java:1063)
at org.testng.TestNG.run(TestNG.java:1031)
at org.testng.remote.AbstractRemoteTestNG.run(AbstractRemoteTestNG.java:115)
at org.testng.remote.RemoteTestNG.initAndRun(RemoteTestNG.java:251)
at org.testng.remote.RemoteTestNG.main(RemoteTestNG.java:77)
]]>
            </full-stacktrace>
          </exception> <!-- java.lang.NullPointerException -->
          <reporter-output>
          </reporter-output>
<<<<<<< HEAD
        </test-method> <!-- Launch -->
        <test-method is-config="true" signature="Login()[pri:0, instance:com.WellBeing.admin.EndToEndAdminTest1@342c38f8]" started-at="2023-03-06T16:46:45 IST" name="Login" finished-at="1970-01-01T05:30:00 IST" duration-ms="-1678101405788" status="SKIP">
          <reporter-output>
          </reporter-output>
=======
>>>>>>> branch 'master' of https://github.com/PraveenShivu/WellBeing
        </test-method> <!-- Login -->
<<<<<<< HEAD
        <test-method signature="test1()[pri:0, instance:com.WellBeing.admin.EndToEndAdminTest1@342c38f8]" started-at="2023-03-06T16:46:45 IST" name="test1" finished-at="2023-03-06T16:46:45 IST" duration-ms="0" status="SKIP">
=======
        <test-method signature="test1()[pri:0, instance:com.WellBeing.admin.EndToEndAdminTest1@342c38f8]" started-at="2023-03-06T18:45:00 IST" name="test1" finished-at="2023-03-06T18:45:00 IST" duration-ms="0" status="SKIP">
>>>>>>> branch 'master' of https://github.com/PraveenShivu/WellBeing
          <exception class="java.lang.NullPointerException">
            <message>
              <![CDATA[Cannot invoke "org.openqa.selenium.SearchContext.findElement(org.openqa.selenium.By)" because "this.searchContext" is null]]>
            </message>
            <full-stacktrace>
              <![CDATA[java.lang.NullPointerException: Cannot invoke "org.openqa.selenium.SearchContext.findElement(org.openqa.selenium.By)" because "this.searchContext" is null
at org.openqa.selenium.support.pagefactory.DefaultElementLocator.findElement(DefaultElementLocator.java:69)
at org.openqa.selenium.support.pagefactory.internal.LocatingElementHandler.invoke(LocatingElementHandler.java:38)
at jdk.proxy2/jdk.proxy2.$Proxy13.click(Unknown Source)
at com.WellBeingObjectRepo.LoginPage.facilityClick(LoginPage.java:20)
at com.WellBeing.GenericUtility.BaseClass.Login(BaseClass.java:44)
at java.base/jdk.internal.reflect.NativeMethodAccessorImpl.invoke0(Native Method)
at java.base/jdk.internal.reflect.NativeMethodAccessorImpl.invoke(NativeMethodAccessorImpl.java:78)
at java.base/jdk.internal.reflect.DelegatingMethodAccessorImpl.invoke(DelegatingMethodAccessorImpl.java:43)
at java.base/java.lang.reflect.Method.invoke(Method.java:567)
at org.testng.internal.MethodInvocationHelper.invokeMethod(MethodInvocationHelper.java:133)
at org.testng.internal.MethodInvocationHelper.invokeMethodConsideringTimeout(MethodInvocationHelper.java:62)
at org.testng.internal.ConfigInvoker.invokeConfigurationMethod(ConfigInvoker.java:385)
at org.testng.internal.ConfigInvoker.invokeConfigurations(ConfigInvoker.java:321)
at org.testng.internal.TestInvoker.runConfigMethods(TestInvoker.java:700)
at org.testng.internal.TestInvoker.invokeMethod(TestInvoker.java:527)
at org.testng.internal.TestInvoker.invokeTestMethod(TestInvoker.java:173)
at org.testng.internal.MethodRunner.runInSequence(MethodRunner.java:46)
at org.testng.internal.TestInvoker$MethodInvocationAgent.invoke(TestInvoker.java:824)
at org.testng.internal.TestInvoker.invokeTestMethods(TestInvoker.java:146)
at org.testng.internal.TestMethodWorker.invokeTestMethods(TestMethodWorker.java:146)
at org.testng.internal.TestMethodWorker.run(TestMethodWorker.java:128)
at java.base/java.util.ArrayList.forEach(ArrayList.java:1511)
at org.testng.TestRunner.privateRun(TestRunner.java:794)
at org.testng.TestRunner.run(TestRunner.java:596)
at org.testng.SuiteRunner.runTest(SuiteRunner.java:377)
at org.testng.SuiteRunner.runSequentially(SuiteRunner.java:371)
at org.testng.SuiteRunner.privateRun(SuiteRunner.java:332)
at org.testng.SuiteRunner.run(SuiteRunner.java:276)
at org.testng.SuiteRunnerWorker.runSuite(SuiteRunnerWorker.java:53)
at org.testng.SuiteRunnerWorker.run(SuiteRunnerWorker.java:96)
at org.testng.TestNG.runSuitesSequentially(TestNG.java:1212)
at org.testng.TestNG.runSuitesLocally(TestNG.java:1134)
at org.testng.TestNG.runSuites(TestNG.java:1063)
at org.testng.TestNG.run(TestNG.java:1031)
at org.testng.remote.AbstractRemoteTestNG.run(AbstractRemoteTestNG.java:115)
at org.testng.remote.RemoteTestNG.initAndRun(RemoteTestNG.java:251)
at org.testng.remote.RemoteTestNG.main(RemoteTestNG.java:77)
]]>
            </full-stacktrace>
          </exception> <!-- java.lang.NullPointerException -->
          <reporter-output>
          </reporter-output>
        </test-method> <!-- test1 -->
<<<<<<< HEAD
        <test-method is-config="true" signature="Logout()[pri:0, instance:com.WellBeing.admin.EndToEndAdminTest1@342c38f8]" started-at="2023-03-06T16:46:45 IST" name="Logout" finished-at="1970-01-01T05:30:00 IST" duration-ms="-1678101405796" status="SKIP">
=======
        <test-method is-config="true" signature="Logout()[pri:0, instance:com.WellBeing.admin.EndToEndAdminTest1@342c38f8]" started-at="2023-03-06T18:45:00 IST" name="Logout" finished-at="1970-01-01T05:30:00 IST" duration-ms="-1678108500144" status="SKIP">
>>>>>>> branch 'master' of https://github.com/PraveenShivu/WellBeing
          <reporter-output>
          </reporter-output>
        </test-method> <!-- Logout -->
      </class> <!-- com.WellBeing.admin.EndToEndAdminTest1 -->
    </test> <!-- Default test -->
  </suite> <!-- Default suite -->
</testng-results>
