<?xml version="1.0" encoding="UTF-8"?>
<testng-results ignored="0" total="1" passed="1" failed="0" skipped="0">
  <reporter-output>
  </reporter-output>
  <suite started-at="2023-03-09T12:38:34 IST" name="Default suite" finished-at="2023-03-09T12:38:48 IST" duration-ms="13631">
    <groups>
    </groups>
    <test started-at="2023-03-09T12:38:34 IST" name="Default test" finished-at="2023-03-09T12:38:48 IST" duration-ms="13631">
      <class name="com.WellBeing.admin.PatientRegistration">
        <test-method is-config="true" signature="Launch()[pri:0, instance:com.WellBeing.admin.PatientRegistration@342c38f8]" started-at="2023-03-09T12:38:34 IST" name="Launch" finished-at="2023-03-09T12:38:38 IST" duration-ms="4118" status="PASS">
          <reporter-output>
          </reporter-output>
        </test-method> <!-- Launch -->
        <test-method is-config="true" signature="Login()[pri:0, instance:com.WellBeing.admin.PatientRegistration@342c38f8]" started-at="2023-03-09T12:38:38 IST" name="Login" finished-at="2023-03-09T12:38:39 IST" duration-ms="698" status="PASS">
          <reporter-output>
          </reporter-output>
        </test-method> <!-- Login -->
        <test-method signature="patientTest()[pri:0, instance:com.WellBeing.admin.PatientRegistration@342c38f8]" started-at="2023-03-09T12:38:39 IST" name="patientTest" finished-at="2023-03-09T12:38:48 IST" duration-ms="8739" status="PASS">
          <reporter-output>
          </reporter-output>
        </test-method> <!-- patientTest -->
        <test-method is-config="true" signature="Logout()[pri:0, instance:com.WellBeing.admin.PatientRegistration@342c38f8]" started-at="2023-03-09T12:38:48 IST" name="Logout" finished-at="2023-03-09T12:38:48 IST" duration-ms="0" status="PASS">
          <reporter-output>
          </reporter-output>
        </test-method> <!-- Logout -->
      </class> <!-- com.WellBeing.admin.PatientRegistration -->
    </test> <!-- Default test -->
  </suite> <!-- Default suite -->
</testng-results>
